# JRE version: OpenJDK Runtime Environment (17.0.6) (build 17.0.6+0-b2043.56-9586694)
# Java VM: OpenJDK 64-Bit Server VM (17.0.6+0-b2043.56-9586694, mixed mode, tiered, compressed oops, compressed class ptrs, g1 gc, windows-amd64)
GC Precious Log:
 CPUs: 12 total, 12 available
 Memory: 15761M
 Large Page Support: Disabled
 NUMA Support: Disabled
 Compressed Oops: Enabled (Zero based)
 Heap Region Size: 2M
 Heap Min Capacity: 8M
 Heap Initial Capacity: 248M
 Heap Max Capacity: 4012M
 Pre-touch: Disabled
 Parallel Workers: 10
 Concurrent Workers: 3
 Concurrent Refinement Workers: 10
 Periodic GC: Disabled
Heap:
 garbage-first heap   total 512000K, used 414073K [0x0000000705400000, 0x0000000800000000)
  region size 2048K, 22 young (45056K), 5 survivors (10240K)
 Metaspace       used 149865K, committed 150976K, reserved 1179648K
  class space    used 19766K, committed 20288K, reserved 1048576K
GC Heap History (20 events):
Event: 181.248 GC heap before
{Heap before GC invocations=63 (full 0):
 garbage-first heap   total 419840K, used 346112K [0x0000000705400000, 0x0000000800000000)
  region size 2048K, 44 young (90112K), 6 survivors (12288K)
 Metaspace       used 133458K, committed 134528K, reserved 1171456K
  class space    used 17479K, committed 17984K, reserved 1048576K
}
Event: 181.262 GC heap after
{Heap after GC invocations=64 (full 0):
 garbage-first heap   total 419840K, used 278426K [0x0000000705400000, 0x0000000800000000)
  region size 2048K, 4 young (8192K), 4 survivors (8192K)
 Metaspace       used 133458K, committed 134528K, reserved 1171456K
  class space    used 17479K, committed 17984K, reserved 1048576K
}
Event: 191.869 GC heap before
{Heap before GC invocations=65 (full 0):
 garbage-first heap   total 471040K, used 348058K [0x0000000705400000, 0x0000000800000000)
  region size 2048K, 39 young (79872K), 4 survivors (8192K)
 Metaspace       used 134278K, committed 135360K, reserved 1171456K
  class space    used 17590K, committed 18112K, reserved 1048576K
}
Event: 191.902 GC heap after
{Heap after GC invocations=66 (full 0):
 garbage-first heap   total 471040K, used 283609K [0x0000000705400000, 0x0000000800000000)
  region size 2048K, 3 young (6144K), 3 survivors (6144K)
 Metaspace       used 134278K, committed 135360K, reserved 1171456K
  class space    used 17590K, committed 18112K, reserved 1048576K
}
Event: 199.705 GC heap before
{Heap before GC invocations=66 (full 0):
 garbage-first heap   total 471040K, used 299993K [0x0000000705400000, 0x0000000800000000)
  region size 2048K, 11 young (22528K), 3 survivors (6144K)
 Metaspace       used 134664K, committed 135744K, reserved 1171456K
  class space    used 17615K, committed 18112K, reserved 1048576K
}
Event: 199.743 GC heap after
{Heap after GC invocations=67 (full 0):
 garbage-first heap   total 471040K, used 280104K [0x0000000705400000, 0x0000000800000000)
  region size 2048K, 1 young (2048K), 1 survivors (2048K)
 Metaspace       used 134664K, committed 135744K, reserved 1171456K
  class space    used 17615K, committed 18112K, reserved 1048576K
}
Event: 220.257 GC heap before
{Heap before GC invocations=67 (full 0):
 garbage-first heap   total 471040K, used 392744K [0x0000000705400000, 0x0000000800000000)
  region size 2048K, 57 young (116736K), 1 survivors (2048K)
 Metaspace       used 135675K, committed 136704K, reserved 1171456K
  class space    used 17742K, committed 18240K, reserved 1048576K
}
Event: 220.262 GC heap after
{Heap after GC invocations=68 (full 0):
 garbage-first heap   total 471040K, used 286191K [0x0000000705400000, 0x0000000800000000)
  region size 2048K, 4 young (8192K), 4 survivors (8192K)
 Metaspace       used 135675K, committed 136704K, reserved 1171456K
  class space    used 17742K, committed 18240K, reserved 1048576K
}
Event: 234.688 GC heap before
{Heap before GC invocations=69 (full 0):
 garbage-first heap   total 481280K, used 392687K [0x0000000705400000, 0x0000000800000000)
  region size 2048K, 57 young (116736K), 4 survivors (8192K)
 Metaspace       used 136211K, committed 137344K, reserved 1171456K
  class space    used 17801K, committed 18304K, reserved 1048576K
}
Event: 234.693 GC heap after
{Heap after GC invocations=70 (full 0):
 garbage-first heap   total 481280K, used 292557K [0x0000000705400000, 0x0000000800000000)
  region size 2048K, 7 young (14336K), 7 survivors (14336K)
 Metaspace       used 136211K, committed 137344K, reserved 1171456K
  class space    used 17801K, committed 18304K, reserved 1048576K
}
Event: 235.383 GC heap before
{Heap before GC invocations=70 (full 0):
 garbage-first heap   total 481280K, used 298701K [0x0000000705400000, 0x0000000800000000)
  region size 2048K, 11 young (22528K), 7 survivors (14336K)
 Metaspace       used 136321K, committed 137472K, reserved 1171456K
  class space    used 17810K, committed 18368K, reserved 1048576K
}
Event: 235.434 GC heap after
{Heap after GC invocations=71 (full 0):
 garbage-first heap   total 481280K, used 289616K [0x0000000705400000, 0x0000000800000000)
  region size 2048K, 2 young (4096K), 2 survivors (4096K)
 Metaspace       used 136321K, committed 137472K, reserved 1171456K
  class space    used 17810K, committed 18368K, reserved 1048576K
}
Event: 250.211 GC heap before
{Heap before GC invocations=71 (full 0):
 garbage-first heap   total 481280K, used 402256K [0x0000000705400000, 0x0000000800000000)
  region size 2048K, 58 young (118784K), 2 survivors (4096K)
 Metaspace       used 146377K, committed 147520K, reserved 1179648K
  class space    used 19288K, committed 19840K, reserved 1048576K
}
Event: 250.215 GC heap after
{Heap after GC invocations=72 (full 0):
 garbage-first heap   total 481280K, used 292914K [0x0000000705400000, 0x0000000800000000)
  region size 2048K, 3 young (6144K), 3 survivors (6144K)
 Metaspace       used 146377K, committed 147520K, reserved 1179648K
  class space    used 19288K, committed 19840K, reserved 1048576K
}
Event: 259.195 GC heap before
{Heap before GC invocations=73 (full 0):
 garbage-first heap   total 512000K, used 446514K [0x0000000705400000, 0x0000000800000000)
  region size 2048K, 58 young (118784K), 3 survivors (6144K)
 Metaspace       used 149524K, committed 150656K, reserved 1179648K
  class space    used 19692K, committed 20224K, reserved 1048576K
}
Event: 259.205 GC heap after
{Heap after GC invocations=74 (full 0):
 garbage-first heap   total 512000K, used 349014K [0x0000000705400000, 0x0000000800000000)
  region size 2048K, 8 young (16384K), 8 survivors (16384K)
 Metaspace       used 149524K, committed 150656K, reserved 1179648K
  class space    used 19692K, committed 20224K, reserved 1048576K
}
Event: 259.226 GC heap before
{Heap before GC invocations=74 (full 0):
 garbage-first heap   total 512000K, used 363350K [0x0000000705400000, 0x0000000800000000)
  region size 2048K, 12 young (24576K), 8 survivors (16384K)
 Metaspace       used 149597K, committed 150720K, reserved 1179648K
  class space    used 19698K, committed 20224K, reserved 1048576K
}
Event: 259.231 GC heap after
{Heap after GC invocations=75 (full 0):
 garbage-first heap   total 512000K, used 352075K [0x0000000705400000, 0x0000000800000000)
  region size 2048K, 2 young (4096K), 2 survivors (4096K)
 Metaspace       used 149597K, committed 150720K, reserved 1179648K
  class space    used 19698K, committed 20224K, reserved 1048576K
}
Event: 259.404 GC heap before
{Heap before GC invocations=75 (full 0):
 garbage-first heap   total 512000K, used 415563K [0x0000000705400000, 0x0000000800000000)
  region size 2048K, 34 young (69632K), 2 survivors (4096K)
 Metaspace       used 149626K, committed 150784K, reserved 1179648K
  class space    used 19698K, committed 20224K, reserved 1048576K
}
Event: 259.418 GC heap after
{Heap after GC invocations=76 (full 0):
 garbage-first heap   total 512000K, used 377209K [0x0000000705400000, 0x0000000800000000)
  region size 2048K, 5 young (10240K), 5 survivors (10240K)
 Metaspace       used 149626K, committed 150784K, reserved 1179648K
  class space    used 19698K, committed 20224K, reserved 1048576K
}

