# JRE version: OpenJDK Runtime Environment (17.0.6) (build 17.0.6+0-b2043.56-9586694)
# Java VM: OpenJDK 64-Bit Server VM (17.0.6+0-b2043.56-9586694, mixed mode, tiered, compressed oops, compressed class ptrs, g1 gc, windows-amd64)
GC Precious Log:
 CPUs: 12 total, 12 available
 Memory: 15761M
 Large Page Support: Disabled
 NUMA Support: Disabled
 Compressed Oops: Enabled (Zero based)
 Heap Region Size: 2M
 Heap Min Capacity: 8M
 Heap Initial Capacity: 248M
 Heap Max Capacity: 4012M
 Pre-touch: Disabled
 Parallel Workers: 10
 Concurrent Workers: 3
 Concurrent Refinement Workers: 10
 Periodic GC: Disabled
Heap:
 garbage-first heap   total 313344K, used 90568K [0x0000000705400000, 0x0000000800000000)
  region size 2048K, 3 young (6144K), 3 survivors (6144K)
 Metaspace       used 47007K, committed 47424K, reserved 1097728K
  class space    used 6194K, committed 6400K, reserved 1048576K
GC Heap History (20 events):
Event: 7.234 GC heap after
{Heap after GC invocations=30 (full 0):
 garbage-first heap   total 165888K, used 75062K [0x0000000705400000, 0x0000000800000000)
  region size 2048K, 1 young (2048K), 1 survivors (2048K)
 Metaspace       used 46980K, committed 47424K, reserved 1097728K
  class space    used 6193K, committed 6400K, reserved 1048576K
}
Event: 7.305 GC heap before
{Heap before GC invocations=30 (full 0):
 garbage-first heap   total 165888K, used 138550K [0x0000000705400000, 0x0000000800000000)
  region size 2048K, 32 young (65536K), 1 survivors (2048K)
 Metaspace       used 46983K, committed 47424K, reserved 1097728K
  class space    used 6193K, committed 6400K, reserved 1048576K
}
Event: 7.307 GC heap after
{Heap after GC invocations=31 (full 0):
 garbage-first heap   total 313344K, used 75561K [0x0000000705400000, 0x0000000800000000)
  region size 2048K, 1 young (2048K), 1 survivors (2048K)
 Metaspace       used 46983K, committed 47424K, reserved 1097728K
  class space    used 6193K, committed 6400K, reserved 1048576K
}
Event: 7.588 GC heap before
{Heap before GC invocations=31 (full 0):
 garbage-first heap   total 313344K, used 259881K [0x0000000705400000, 0x0000000800000000)
  region size 2048K, 91 young (186368K), 1 survivors (2048K)
 Metaspace       used 46984K, committed 47424K, reserved 1097728K
  class space    used 6193K, committed 6400K, reserved 1048576K
}
Event: 7.589 GC heap after
{Heap after GC invocations=32 (full 0):
 garbage-first heap   total 313344K, used 77129K [0x0000000705400000, 0x0000000800000000)
  region size 2048K, 2 young (4096K), 2 survivors (4096K)
 Metaspace       used 46984K, committed 47424K, reserved 1097728K
  class space    used 6193K, committed 6400K, reserved 1048576K
}
Event: 7.813 GC heap before
{Heap before GC invocations=32 (full 0):
 garbage-first heap   total 313344K, used 259401K [0x0000000705400000, 0x0000000800000000)
  region size 2048K, 91 young (186368K), 2 survivors (4096K)
 Metaspace       used 46989K, committed 47424K, reserved 1097728K
  class space    used 6193K, committed 6400K, reserved 1048576K
}
Event: 7.816 GC heap after
{Heap after GC invocations=33 (full 0):
 garbage-first heap   total 313344K, used 81811K [0x0000000705400000, 0x0000000800000000)
  region size 2048K, 4 young (8192K), 4 survivors (8192K)
 Metaspace       used 46989K, committed 47424K, reserved 1097728K
  class space    used 6193K, committed 6400K, reserved 1048576K
}
Event: 8.043 GC heap before
{Heap before GC invocations=34 (full 0):
 garbage-first heap   total 307200K, used 257939K [0x0000000705400000, 0x0000000800000000)
  region size 2048K, 91 young (186368K), 4 survivors (8192K)
 Metaspace       used 46996K, committed 47424K, reserved 1097728K
  class space    used 6193K, committed 6400K, reserved 1048576K
}
Event: 8.049 GC heap after
{Heap after GC invocations=35 (full 0):
 garbage-first heap   total 307200K, used 89061K [0x0000000705400000, 0x0000000800000000)
  region size 2048K, 8 young (16384K), 8 survivors (16384K)
 Metaspace       used 46996K, committed 47424K, reserved 1097728K
  class space    used 6193K, committed 6400K, reserved 1048576K
}
Event: 8.052 GC heap before
{Heap before GC invocations=35 (full 0):
 garbage-first heap   total 307200K, used 91109K [0x0000000705400000, 0x0000000800000000)
  region size 2048K, 9 young (18432K), 8 survivors (16384K)
 Metaspace       used 46996K, committed 47424K, reserved 1097728K
  class space    used 6193K, committed 6400K, reserved 1048576K
}
Event: 8.058 GC heap after
{Heap after GC invocations=36 (full 0):
 garbage-first heap   total 307200K, used 90326K [0x0000000705400000, 0x0000000800000000)
  region size 2048K, 1 young (2048K), 1 survivors (2048K)
 Metaspace       used 46996K, committed 47424K, reserved 1097728K
  class space    used 6193K, committed 6400K, reserved 1048576K
}
Event: 8.237 GC heap before
{Heap before GC invocations=36 (full 0):
 garbage-first heap   total 307200K, used 258262K [0x0000000705400000, 0x0000000800000000)
  region size 2048K, 83 young (169984K), 1 survivors (2048K)
 Metaspace       used 46996K, committed 47424K, reserved 1097728K
  class space    used 6193K, committed 6400K, reserved 1048576K
}
Event: 8.238 GC heap after
{Heap after GC invocations=37 (full 0):
 garbage-first heap   total 307200K, used 90196K [0x0000000705400000, 0x0000000800000000)
  region size 2048K, 1 young (2048K), 1 survivors (2048K)
 Metaspace       used 46996K, committed 47424K, reserved 1097728K
  class space    used 6193K, committed 6400K, reserved 1048576K
}
Event: 8.449 GC heap before
{Heap before GC invocations=37 (full 0):
 garbage-first heap   total 307200K, used 262228K [0x0000000705400000, 0x0000000800000000)
  region size 2048K, 85 young (174080K), 1 survivors (2048K)
 Metaspace       used 46996K, committed 47424K, reserved 1097728K
  class space    used 6193K, committed 6400K, reserved 1048576K
}
Event: 8.451 GC heap after
{Heap after GC invocations=38 (full 0):
 garbage-first heap   total 307200K, used 91348K [0x0000000705400000, 0x0000000800000000)
  region size 2048K, 2 young (4096K), 2 survivors (4096K)
 Metaspace       used 46996K, committed 47424K, reserved 1097728K
  class space    used 6193K, committed 6400K, reserved 1048576K
}
Event: 8.749 GC heap before
{Heap before GC invocations=38 (full 0):
 garbage-first heap   total 307200K, used 263380K [0x0000000705400000, 0x0000000800000000)
  region size 2048K, 86 young (176128K), 2 survivors (4096K)
 Metaspace       used 46996K, committed 47424K, reserved 1097728K
  class space    used 6193K, committed 6400K, reserved 1048576K
}
Event: 8.752 GC heap after
{Heap after GC invocations=39 (full 0):
 garbage-first heap   total 307200K, used 92971K [0x0000000705400000, 0x0000000800000000)
  region size 2048K, 3 young (6144K), 3 survivors (6144K)
 Metaspace       used 46996K, committed 47424K, reserved 1097728K
  class space    used 6193K, committed 6400K, reserved 1048576K
}
Event: 8.776 GC heap before
{Heap before GC invocations=39 (full 0):
 garbage-first heap   total 307200K, used 107307K [0x0000000705400000, 0x0000000800000000)
  region size 2048K, 11 young (22528K), 3 survivors (6144K)
 Metaspace       used 46997K, committed 47424K, reserved 1097728K
  class space    used 6193K, committed 6400K, reserved 1048576K
}
Event: 8.778 GC heap after
{Heap after GC invocations=40 (full 0):
 garbage-first heap   total 307200K, used 93261K [0x0000000705400000, 0x0000000800000000)
  region size 2048K, 3 young (6144K), 3 survivors (6144K)
 Metaspace       used 46997K, committed 47424K, reserved 1097728K
  class space    used 6193K, committed 6400K, reserved 1048576K
}
Event: 9.033 GC heap before
{Heap before GC invocations=40 (full 0):
 garbage-first heap   total 307200K, used 267341K [0x0000000705400000, 0x0000000800000000)
  region size 2048K, 87 young (178176K), 3 survivors (6144K)
 Metaspace       used 47007K, committed 47424K, reserved 1097728K
  class space    used 6194K, committed 6400K, reserved 1048576K
}

